<?xml version="1.0" encoding="UTF-8"?>
<testng-results ignored="0" total="1" passed="1" failed="0" skipped="0">
  <reporter-output>
  </reporter-output>
  <suite started-at="2020-09-15T20:13:16 MSK" name="Command line suite" finished-at="2020-09-15T20:13:54 MSK" duration-ms="38195">
    <groups>
    </groups>
    <test started-at="2020-09-15T20:13:16 MSK" name="Command line test" finished-at="2020-09-15T20:13:54 MSK" duration-ms="38195">
      <class name="project.test.GoogleCloudTest">
        <test-method is-config="true" signature="setUp()[pri:0, instance:project.test.GoogleCloudTest@72d1ad2e]" started-at="2020-09-15T20:13:16 MSK" name="setUp" finished-at="2020-09-15T20:13:23 MSK" duration-ms="7463" status="PASS">
          <reporter-output>
          </reporter-output>
        </test-method> <!-- setUp -->
        <test-method signature="estimatePanelDisplayed()[pri:1, instance:project.test.GoogleCloudTest@72d1ad2e]" started-at="2020-09-15T20:13:23 MSK" name="estimatePanelDisplayed" finished-at="2020-09-15T20:13:53 MSK" duration-ms="29599" status="PASS">
          <reporter-output>
          </reporter-output>
        </test-method> <!-- estimatePanelDisplayed -->
        <test-method is-config="true" signature="stopBrowser()[pri:0, instance:project.test.GoogleCloudTest@72d1ad2e]" started-at="2020-09-15T20:13:53 MSK" name="stopBrowser" finished-at="2020-09-15T20:13:54 MSK" duration-ms="1056" status="PASS">
          <reporter-output>
          </reporter-output>
        </test-method> <!-- stopBrowser -->
      </class> <!-- project.test.GoogleCloudTest -->
    </test> <!-- Command line test -->
  </suite> <!-- Command line suite -->
</testng-results>
